[debug] [2024-12-18T11:54:43.503Z] ----------------------------------------------------------------------
[debug] [2024-12-18T11:54:43.511Z] Command:       C:\Program Files\nodejs\node.exe C:\Users\ACER\AppData\Roaming\npm\node_modules\firebase-tools\lib\bin\firebase.js deploy
[debug] [2024-12-18T11:54:43.512Z] CLI Version:   13.15.0
[debug] [2024-12-18T11:54:43.512Z] Platform:      win32
[debug] [2024-12-18T11:54:43.512Z] Node Version:  v22.12.0
[debug] [2024-12-18T11:54:43.513Z] Time:          Wed Dec 18 2024 17:24:43 GMT+0530 (India Standard Time)
[debug] [2024-12-18T11:54:43.513Z] ----------------------------------------------------------------------
[debug] 
[debug] [2024-12-18T11:54:43.521Z] >>> [apiv2][query] GET https://firebase-public.firebaseio.com/cli.json [none]
[debug] [2024-12-18T11:54:43.779Z] > command requires scopes: ["email","openid","https://www.googleapis.com/auth/cloudplatformprojects.readonly","https://www.googleapis.com/auth/firebase","https://www.googleapis.com/auth/cloud-platform"]
[debug] [2024-12-18T11:54:43.781Z] > authorizing via signed-in user (neharadialcode@gmail.com)
[debug] [2024-12-18T11:54:43.781Z] [iam] checking project testing-page-a7fe0 for permissions ["firebase.projects.get","firebasehosting.sites.update"]
[debug] [2024-12-18T11:54:43.783Z] > refreshing access token with scopes: []
[debug] [2024-12-18T11:54:43.786Z] >>> [apiv2][query] POST https://www.googleapis.com/oauth2/v3/token [none]
[debug] [2024-12-18T11:54:43.786Z] >>> [apiv2][body] POST https://www.googleapis.com/oauth2/v3/token [omitted]
[debug] [2024-12-18T11:54:49.686Z] <<< [apiv2][status] POST https://www.googleapis.com/oauth2/v3/token 200
[debug] [2024-12-18T11:54:49.686Z] <<< [apiv2][body] POST https://www.googleapis.com/oauth2/v3/token [omitted]
[debug] [2024-12-18T11:54:49.712Z] >>> [apiv2][query] POST https://cloudresourcemanager.googleapis.com/v1/projects/testing-page-a7fe0:testIamPermissions [none]
[debug] [2024-12-18T11:54:49.713Z] >>> [apiv2][(partial)header] POST https://cloudresourcemanager.googleapis.com/v1/projects/testing-page-a7fe0:testIamPermissions x-goog-quota-user=projects/testing-page-a7fe0
[debug] [2024-12-18T11:54:49.713Z] >>> [apiv2][body] POST https://cloudresourcemanager.googleapis.com/v1/projects/testing-page-a7fe0:testIamPermissions {"permissions":["firebase.projects.get","firebasehosting.sites.update"]}
[debug] [2024-12-18T11:54:55.007Z] <<< [apiv2][status] POST https://cloudresourcemanager.googleapis.com/v1/projects/testing-page-a7fe0:testIamPermissions 200
[debug] [2024-12-18T11:54:55.008Z] <<< [apiv2][body] POST https://cloudresourcemanager.googleapis.com/v1/projects/testing-page-a7fe0:testIamPermissions {"permissions":["firebase.projects.get","firebasehosting.sites.update"]}
[debug] [2024-12-18T11:54:55.010Z] >>> [apiv2][query] GET https://firebase.googleapis.com/v1beta1/projects/testing-page-a7fe0 [none]
[debug] [2024-12-18T11:55:06.139Z] *** [apiv2] error from fetch(https://firebase.googleapis.com/v1beta1/projects/testing-page-a7fe0, {"headers":{},"method":"GET","signal":{}}): FetchError: request to https://firebase.googleapis.com/v1beta1/projects/testing-page-a7fe0 failed, reason: getaddrinfo ENOTFOUND firebase.googleapis.com
[debug] [2024-12-18T11:55:06.140Z] Failed to make request to https://firebase.googleapis.com/v1beta1/projects/testing-page-a7fe0 (original: request to https://firebase.googleapis.com/v1beta1/projects/testing-page-a7fe0 failed, reason: getaddrinfo ENOTFOUND firebase.googleapis.com)
[debug] [2024-12-18T11:55:11.155Z] Error: Timed out.
    at Timeout._onTimeout (C:\Users\ACER\AppData\Roaming\npm\node_modules\firebase-tools\lib\utils.js:268:49)
    at listOnTimeout (node:internal/timers:594:17)
    at process.processTimers (node:internal/timers:529:7)
[error] 
[error] Error: An unexpected error has occurred.
